<?xml version="1.0" encoding="UTF-8"?>
<testsuite xmlns:xsi="http://www.w3.org/2001/XMLSchema-instance" xsi:noNamespaceSchemaLocation="https://maven.apache.org/surefire/maven-surefire-plugin/xsd/surefire-test-report.xsd" name="io.xmljim.algorithms.functions.impl.statistics.CovarianceFunctionTest" time="0.015" tests="5" errors="0" skipped="0" failures="0">
  <properties>
[...]
</properties>
  <testcase name="test1FunctionProviderExists" classname="io.xmljim.algorithms.functions.impl.statistics.CovarianceFunctionTest" time="0"/>
  <testcase name="test2StatisticsFactoryInitialized" classname="io.xmljim.algorithms.functions.impl.statistics.CovarianceFunctionTest" time="0"/>
  <testcase name="test3VectorValues" classname="io.xmljim.algorithms.functions.impl.statistics.CovarianceFunctionTest" time="0"/>
  <testcase name="compute" classname="io.xmljim.algorithms.functions.impl.statistics.CovarianceFunctionTest" time="0.009"/>
  <testcase name="computeWithMeanFunction" classname="io.xmljim.algorithms.functions.impl.statistics.CovarianceFunctionTest" time="0.003"/>
</testsuite>